<?xml version="1.0" encoding="UTF-8"?>
<!-- Generated by org.testng.reporters.JUnitXMLReporter -->
<testsuite hostname="DESKTOP-QRQI4H9" ignored="0" name="Test" tests="6" failures="0" timestamp="2020-10-27T00:08:54 IST" time="0.105" errors="0">
  <testcase name="ApiEnable" time="0.012" classname="mavenproject.mvnpjt.RestAssuredTest"/>
  <testcase name="DeleteTwitter" time="0.0" classname="mavenproject.mvnpjt.RestAssuredTest"/>
  <testcase name="BrowserAutomation" time="0.001" classname="mavenproject.mvnpjt.SeleniumTest"/>
  <testcase name="ElementsUI" time="0.0" classname="mavenproject.mvnpjt.SeleniumTest"/>
  <testcase name="Androidtest" time="0.001" classname="mavenproject.mvnpjt.AppiumTest"/>
  <testcase name="IOsApp" time="0.001" classname="mavenproject.mvnpjt.AppiumTest"/>
</testsuite> <!-- Test -->
